Build output check failed:
    Regex: 'command[- ]line option .* is valid for .* but not for C'
    Output line: 'cc1: warning: command-line option ‘-Wnon-virtual-dtor’ is valid for C++/ObjC++ but not for C'
Compilation failed:
    source file: '/home/ruicampos/Desktop/IC/IC_Project2/build/CMakeFiles/CMakeTmp/src.c'
    check option: ' -fsigned-char -W -Wall -Wreturn-type  -Wnon-virtual-dtor'
===== BUILD LOG =====
Change Dir: /home/ruicampos/Desktop/IC/IC_Project2/build/CMakeFiles/CMakeTmp

Run Build Command(s):/usr/bin/gmake -f Makefile cmTC_21fbe/fast && /usr/bin/gmake  -f CMakeFiles/cmTC_21fbe.dir/build.make CMakeFiles/cmTC_21fbe.dir/build
gmake[1]: a entrar na pasta "/home/ruicampos/Desktop/IC/IC_Project2/build/CMakeFiles/CMakeTmp"
Building C object CMakeFiles/cmTC_21fbe.dir/src.c.o
/usr/bin/cc   -O3 -DNDEBUG -fPIE    -fsigned-char -W -Wall -Wreturn-type  -Wnon-virtual-dtor -o CMakeFiles/cmTC_21fbe.dir/src.c.o -c /home/ruicampos/Desktop/IC/IC_Project2/build/CMakeFiles/CMakeTmp/src.c
cc1: warning: command-line option ‘-Wnon-virtual-dtor’ is valid for C++/ObjC++ but not for C
/home/ruicampos/Desktop/IC/IC_Project2/build/CMakeFiles/CMakeTmp/src.c:1: warning: ignoring ‘#pragma  ’ [-Wunknown-pragmas]
    1 | #pragma
      | 
Linking C executable cmTC_21fbe
/usr/bin/cmake -E cmake_link_script CMakeFiles/cmTC_21fbe.dir/link.txt --verbose=1
/usr/bin/cc -O3 -DNDEBUG CMakeFiles/cmTC_21fbe.dir/src.c.o -o cmTC_21fbe 
gmake[1]: a sair da pasta "/home/ruicampos/Desktop/IC/IC_Project2/build/CMakeFiles/CMakeTmp"


===== END =====

Build output check failed:
    Regex: 'command[- ]line option .* is valid for .* but not for C\+\+'
    Output line: 'cc1plus: warning: command-line option ‘-Wmissing-prototypes’ is valid for C/ObjC but not for C++'
Compilation failed:
    source file: '/home/ruicampos/Desktop/IC/IC_Project2/build/CMakeFiles/CMakeTmp/src.cxx'
    check option: ' -fsigned-char -W -Wall -Wreturn-type -Wnon-virtual-dtor -Waddress -Wsequence-point -Wformat -Wformat-security -Wmissing-declarations  -Wmissing-prototypes'
===== BUILD LOG =====
Change Dir: /home/ruicampos/Desktop/IC/IC_Project2/build/CMakeFiles/CMakeTmp

Run Build Command(s):/usr/bin/gmake -f Makefile cmTC_e4b93/fast && /usr/bin/gmake  -f CMakeFiles/cmTC_e4b93.dir/build.make CMakeFiles/cmTC_e4b93.dir/build
gmake[1]: a entrar na pasta "/home/ruicampos/Desktop/IC/IC_Project2/build/CMakeFiles/CMakeTmp"
Building CXX object CMakeFiles/cmTC_e4b93.dir/src.cxx.o
/usr/bin/c++   -O3 -DNDEBUG -fPIE    -fsigned-char -W -Wall -Wreturn-type -Wnon-virtual-dtor -Waddress -Wsequence-point -Wformat -Wformat-security -Wmissing-declarations  -Wmissing-prototypes -std=c++11 -o CMakeFiles/cmTC_e4b93.dir/src.cxx.o -c /home/ruicampos/Desktop/IC/IC_Project2/build/CMakeFiles/CMakeTmp/src.cxx
cc1plus: warning: command-line option ‘-Wmissing-prototypes’ is valid for C/ObjC but not for C++
/home/ruicampos/Desktop/IC/IC_Project2/build/CMakeFiles/CMakeTmp/src.cxx:1: warning: ignoring ‘#pragma  ’ [-Wunknown-pragmas]
    1 | #pragma
      | 
Linking CXX executable cmTC_e4b93
/usr/bin/cmake -E cmake_link_script CMakeFiles/cmTC_e4b93.dir/link.txt --verbose=1
/usr/bin/c++ -O3 -DNDEBUG CMakeFiles/cmTC_e4b93.dir/src.cxx.o -o cmTC_e4b93 
gmake[1]: a sair da pasta "/home/ruicampos/Desktop/IC/IC_Project2/build/CMakeFiles/CMakeTmp"


===== END =====

Build output check failed:
    Regex: 'command[- ]line option .* is valid for .* but not for C\+\+'
    Output line: 'cc1plus: warning: command-line option ‘-Wstrict-prototypes’ is valid for C/ObjC but not for C++'
Compilation failed:
    source file: '/home/ruicampos/Desktop/IC/IC_Project2/build/CMakeFiles/CMakeTmp/src.cxx'
    check option: ' -fsigned-char -W -Wall -Wreturn-type -Wnon-virtual-dtor -Waddress -Wsequence-point -Wformat -Wformat-security -Wmissing-declarations  -Wstrict-prototypes'
===== BUILD LOG =====
Change Dir: /home/ruicampos/Desktop/IC/IC_Project2/build/CMakeFiles/CMakeTmp

Run Build Command(s):/usr/bin/gmake -f Makefile cmTC_d9351/fast && /usr/bin/gmake  -f CMakeFiles/cmTC_d9351.dir/build.make CMakeFiles/cmTC_d9351.dir/build
gmake[1]: a entrar na pasta "/home/ruicampos/Desktop/IC/IC_Project2/build/CMakeFiles/CMakeTmp"
Building CXX object CMakeFiles/cmTC_d9351.dir/src.cxx.o
/usr/bin/c++   -O3 -DNDEBUG -fPIE    -fsigned-char -W -Wall -Wreturn-type -Wnon-virtual-dtor -Waddress -Wsequence-point -Wformat -Wformat-security -Wmissing-declarations  -Wstrict-prototypes -std=c++11 -o CMakeFiles/cmTC_d9351.dir/src.cxx.o -c /home/ruicampos/Desktop/IC/IC_Project2/build/CMakeFiles/CMakeTmp/src.cxx
cc1plus: warning: command-line option ‘-Wstrict-prototypes’ is valid for C/ObjC but not for C++
/home/ruicampos/Desktop/IC/IC_Project2/build/CMakeFiles/CMakeTmp/src.cxx:1: warning: ignoring ‘#pragma  ’ [-Wunknown-pragmas]
    1 | #pragma
      | 
Linking CXX executable cmTC_d9351
/usr/bin/cmake -E cmake_link_script CMakeFiles/cmTC_d9351.dir/link.txt --verbose=1
/usr/bin/c++ -O3 -DNDEBUG CMakeFiles/cmTC_d9351.dir/src.cxx.o -o cmTC_d9351 
gmake[1]: a sair da pasta "/home/ruicampos/Desktop/IC/IC_Project2/build/CMakeFiles/CMakeTmp"


===== END =====

Build output check failed:
    Regex: 'command[- ]line option .* is valid for .* but not for C'
    Output line: 'cc1: warning: command-line option ‘-Wsign-promo’ is valid for C++/ObjC++ but not for C'
Compilation failed:
    source file: '/home/ruicampos/Desktop/IC/IC_Project2/build/CMakeFiles/CMakeTmp/src.c'
    check option: ' -fsigned-char -W -Wall -Wreturn-type -Waddress -Wsequence-point -Wformat -Wformat-security -Wmissing-declarations -Wmissing-prototypes -Wstrict-prototypes -Wundef -Winit-self -Wpointer-arith -Wshadow  -Wsign-promo'
===== BUILD LOG =====
Change Dir: /home/ruicampos/Desktop/IC/IC_Project2/build/CMakeFiles/CMakeTmp

Run Build Command(s):/usr/bin/gmake -f Makefile cmTC_1430e/fast && /usr/bin/gmake  -f CMakeFiles/cmTC_1430e.dir/build.make CMakeFiles/cmTC_1430e.dir/build
gmake[1]: a entrar na pasta "/home/ruicampos/Desktop/IC/IC_Project2/build/CMakeFiles/CMakeTmp"
Building C object CMakeFiles/cmTC_1430e.dir/src.c.o
/usr/bin/cc   -O3 -DNDEBUG -fPIE    -fsigned-char -W -Wall -Wreturn-type -Waddress -Wsequence-point -Wformat -Wformat-security -Wmissing-declarations -Wmissing-prototypes -Wstrict-prototypes -Wundef -Winit-self -Wpointer-arith -Wshadow  -Wsign-promo -o CMakeFiles/cmTC_1430e.dir/src.c.o -c /home/ruicampos/Desktop/IC/IC_Project2/build/CMakeFiles/CMakeTmp/src.c
cc1: warning: command-line option ‘-Wsign-promo’ is valid for C++/ObjC++ but not for C
/home/ruicampos/Desktop/IC/IC_Project2/build/CMakeFiles/CMakeTmp/src.c:1: warning: ignoring ‘#pragma  ’ [-Wunknown-pragmas]
    1 | #pragma
      | 
Linking C executable cmTC_1430e
/usr/bin/cmake -E cmake_link_script CMakeFiles/cmTC_1430e.dir/link.txt --verbose=1
/usr/bin/cc -O3 -DNDEBUG CMakeFiles/cmTC_1430e.dir/src.c.o -o cmTC_1430e 
gmake[1]: a sair da pasta "/home/ruicampos/Desktop/IC/IC_Project2/build/CMakeFiles/CMakeTmp"


===== END =====

Build output check failed:
    Regex: 'command[- ]line option .* is valid for .* but not for C'
    Output line: 'cc1: warning: command-line option ‘-Wsuggest-override’ is valid for C++/ObjC++ but not for C'
Compilation failed:
    source file: '/home/ruicampos/Desktop/IC/IC_Project2/build/CMakeFiles/CMakeTmp/src.c'
    check option: ' -fsigned-char -W -Wall -Wreturn-type -Waddress -Wsequence-point -Wformat -Wformat-security -Wmissing-declarations -Wmissing-prototypes -Wstrict-prototypes -Wundef -Winit-self -Wpointer-arith -Wshadow -Wuninitialized  -Wsuggest-override'
===== BUILD LOG =====
Change Dir: /home/ruicampos/Desktop/IC/IC_Project2/build/CMakeFiles/CMakeTmp

Run Build Command(s):/usr/bin/gmake -f Makefile cmTC_d4d26/fast && /usr/bin/gmake  -f CMakeFiles/cmTC_d4d26.dir/build.make CMakeFiles/cmTC_d4d26.dir/build
gmake[1]: a entrar na pasta "/home/ruicampos/Desktop/IC/IC_Project2/build/CMakeFiles/CMakeTmp"
Building C object CMakeFiles/cmTC_d4d26.dir/src.c.o
/usr/bin/cc   -O3 -DNDEBUG -fPIE    -fsigned-char -W -Wall -Wreturn-type -Waddress -Wsequence-point -Wformat -Wformat-security -Wmissing-declarations -Wmissing-prototypes -Wstrict-prototypes -Wundef -Winit-self -Wpointer-arith -Wshadow -Wuninitialized  -Wsuggest-override -o CMakeFiles/cmTC_d4d26.dir/src.c.o -c /home/ruicampos/Desktop/IC/IC_Project2/build/CMakeFiles/CMakeTmp/src.c
cc1: warning: command-line option ‘-Wsuggest-override’ is valid for C++/ObjC++ but not for C
/home/ruicampos/Desktop/IC/IC_Project2/build/CMakeFiles/CMakeTmp/src.c:1: warning: ignoring ‘#pragma  ’ [-Wunknown-pragmas]
    1 | #pragma
      | 
Linking C executable cmTC_d4d26
/usr/bin/cmake -E cmake_link_script CMakeFiles/cmTC_d4d26.dir/link.txt --verbose=1
/usr/bin/cc -O3 -DNDEBUG CMakeFiles/cmTC_d4d26.dir/src.c.o -o cmTC_d4d26 
gmake[1]: a sair da pasta "/home/ruicampos/Desktop/IC/IC_Project2/build/CMakeFiles/CMakeTmp"


===== END =====

Build output check failed:
    Regex: 'command[- ]line option .* is valid for .* but not for C'
    Output line: 'cc1: warning: command-line option ‘-Wno-delete-non-virtual-dtor’ is valid for C++/ObjC++ but not for C'
Compilation failed:
    source file: '/home/ruicampos/Desktop/IC/IC_Project2/build/CMakeFiles/CMakeTmp/src.c'
    check option: ' -fsigned-char -W -Wall -Wreturn-type -Waddress -Wsequence-point -Wformat -Wformat-security -Wmissing-declarations -Wmissing-prototypes -Wstrict-prototypes -Wundef -Winit-self -Wpointer-arith -Wshadow -Wuninitialized  -Wno-delete-non-virtual-dtor'
===== BUILD LOG =====
Change Dir: /home/ruicampos/Desktop/IC/IC_Project2/build/CMakeFiles/CMakeTmp

Run Build Command(s):/usr/bin/gmake -f Makefile cmTC_39318/fast && /usr/bin/gmake  -f CMakeFiles/cmTC_39318.dir/build.make CMakeFiles/cmTC_39318.dir/build
gmake[1]: a entrar na pasta "/home/ruicampos/Desktop/IC/IC_Project2/build/CMakeFiles/CMakeTmp"
Building C object CMakeFiles/cmTC_39318.dir/src.c.o
/usr/bin/cc   -O3 -DNDEBUG -fPIE    -fsigned-char -W -Wall -Wreturn-type -Waddress -Wsequence-point -Wformat -Wformat-security -Wmissing-declarations -Wmissing-prototypes -Wstrict-prototypes -Wundef -Winit-self -Wpointer-arith -Wshadow -Wuninitialized  -Wno-delete-non-virtual-dtor -o CMakeFiles/cmTC_39318.dir/src.c.o -c /home/ruicampos/Desktop/IC/IC_Project2/build/CMakeFiles/CMakeTmp/src.c
cc1: warning: command-line option ‘-Wno-delete-non-virtual-dtor’ is valid for C++/ObjC++ but not for C
/home/ruicampos/Desktop/IC/IC_Project2/build/CMakeFiles/CMakeTmp/src.c:1: warning: ignoring ‘#pragma  ’ [-Wunknown-pragmas]
    1 | #pragma
      | 
Linking C executable cmTC_39318
/usr/bin/cmake -E cmake_link_script CMakeFiles/cmTC_39318.dir/link.txt --verbose=1
/usr/bin/cc -O3 -DNDEBUG CMakeFiles/cmTC_39318.dir/src.c.o -o cmTC_39318 
gmake[1]: a sair da pasta "/home/ruicampos/Desktop/IC/IC_Project2/build/CMakeFiles/CMakeTmp"


===== END =====

Build output check failed:
    Regex: 'unrecognized .*option'
    Output line: 'cc1plus: note: unrecognized command-line option ‘-Wno-unnamed-type-template-args’ may have been intended to silence earlier diagnostics'
Compilation failed:
    source file: '/home/ruicampos/Desktop/IC/IC_Project2/build/CMakeFiles/CMakeTmp/src.cxx'
    check option: ' -fsigned-char -W -Wall -Wreturn-type -Wnon-virtual-dtor -Waddress -Wsequence-point -Wformat -Wformat-security -Wmissing-declarations -Wundef -Winit-self -Wpointer-arith -Wshadow -Wsign-promo -Wuninitialized -Wsuggest-override -Wno-delete-non-virtual-dtor  -Wno-unnamed-type-template-args'
===== BUILD LOG =====
Change Dir: /home/ruicampos/Desktop/IC/IC_Project2/build/CMakeFiles/CMakeTmp

Run Build Command(s):/usr/bin/gmake -f Makefile cmTC_df5a3/fast && /usr/bin/gmake  -f CMakeFiles/cmTC_df5a3.dir/build.make CMakeFiles/cmTC_df5a3.dir/build
gmake[1]: a entrar na pasta "/home/ruicampos/Desktop/IC/IC_Project2/build/CMakeFiles/CMakeTmp"
Building CXX object CMakeFiles/cmTC_df5a3.dir/src.cxx.o
/usr/bin/c++   -O3 -DNDEBUG -fPIE    -fsigned-char -W -Wall -Wreturn-type -Wnon-virtual-dtor -Waddress -Wsequence-point -Wformat -Wformat-security -Wmissing-declarations -Wundef -Winit-self -Wpointer-arith -Wshadow -Wsign-promo -Wuninitialized -Wsuggest-override -Wno-delete-non-virtual-dtor  -Wno-unnamed-type-template-args -std=c++11 -o CMakeFiles/cmTC_df5a3.dir/src.cxx.o -c /home/ruicampos/Desktop/IC/IC_Project2/build/CMakeFiles/CMakeTmp/src.cxx
/home/ruicampos/Desktop/IC/IC_Project2/build/CMakeFiles/CMakeTmp/src.cxx:1: warning: ignoring ‘#pragma  ’ [-Wunknown-pragmas]
    1 | #pragma
      | 
cc1plus: note: unrecognized command-line option ‘-Wno-unnamed-type-template-args’ may have been intended to silence earlier diagnostics
Linking CXX executable cmTC_df5a3
/usr/bin/cmake -E cmake_link_script CMakeFiles/cmTC_df5a3.dir/link.txt --verbose=1
/usr/bin/c++ -O3 -DNDEBUG CMakeFiles/cmTC_df5a3.dir/src.cxx.o -o cmTC_df5a3 
gmake[1]: a sair da pasta "/home/ruicampos/Desktop/IC/IC_Project2/build/CMakeFiles/CMakeTmp"


===== END =====

Build output check failed:
    Regex: 'unrecognized .*option'
    Output line: 'cc1: note: unrecognized command-line option ‘-Wno-unnamed-type-template-args’ may have been intended to silence earlier diagnostics'
Compilation failed:
    source file: '/home/ruicampos/Desktop/IC/IC_Project2/build/CMakeFiles/CMakeTmp/src.c'
    check option: ' -fsigned-char -W -Wall -Wreturn-type -Waddress -Wsequence-point -Wformat -Wformat-security -Wmissing-declarations -Wmissing-prototypes -Wstrict-prototypes -Wundef -Winit-self -Wpointer-arith -Wshadow -Wuninitialized  -Wno-unnamed-type-template-args'
===== BUILD LOG =====
Change Dir: /home/ruicampos/Desktop/IC/IC_Project2/build/CMakeFiles/CMakeTmp

Run Build Command(s):/usr/bin/gmake -f Makefile cmTC_5f51d/fast && /usr/bin/gmake  -f CMakeFiles/cmTC_5f51d.dir/build.make CMakeFiles/cmTC_5f51d.dir/build
gmake[1]: a entrar na pasta "/home/ruicampos/Desktop/IC/IC_Project2/build/CMakeFiles/CMakeTmp"
Building C object CMakeFiles/cmTC_5f51d.dir/src.c.o
/usr/bin/cc   -O3 -DNDEBUG -fPIE    -fsigned-char -W -Wall -Wreturn-type -Waddress -Wsequence-point -Wformat -Wformat-security -Wmissing-declarations -Wmissing-prototypes -Wstrict-prototypes -Wundef -Winit-self -Wpointer-arith -Wshadow -Wuninitialized  -Wno-unnamed-type-template-args -o CMakeFiles/cmTC_5f51d.dir/src.c.o -c /home/ruicampos/Desktop/IC/IC_Project2/build/CMakeFiles/CMakeTmp/src.c
/home/ruicampos/Desktop/IC/IC_Project2/build/CMakeFiles/CMakeTmp/src.c:1: warning: ignoring ‘#pragma  ’ [-Wunknown-pragmas]
    1 | #pragma
      | 
cc1: note: unrecognized command-line option ‘-Wno-unnamed-type-template-args’ may have been intended to silence earlier diagnostics
Linking C executable cmTC_5f51d
/usr/bin/cmake -E cmake_link_script CMakeFiles/cmTC_5f51d.dir/link.txt --verbose=1
/usr/bin/cc -O3 -DNDEBUG CMakeFiles/cmTC_5f51d.dir/src.c.o -o cmTC_5f51d 
gmake[1]: a sair da pasta "/home/ruicampos/Desktop/IC/IC_Project2/build/CMakeFiles/CMakeTmp"


===== END =====

Build output check failed:
    Regex: 'command[- ]line option .* is valid for .* but not for C'
    Output line: 'cc1: warning: command-line option ‘-fvisibility-inlines-hidden’ is valid for C++/ObjC++ but not for C'
Compilation failed:
    source file: '/home/ruicampos/Desktop/IC/IC_Project2/build/CMakeFiles/CMakeTmp/src.c'
    check option: ' -fsigned-char -W -Wall -Wreturn-type -Waddress -Wsequence-point -Wformat -Wformat-security -Wmissing-declarations -Wmissing-prototypes -Wstrict-prototypes -Wundef -Winit-self -Wpointer-arith -Wshadow -Wuninitialized -Wno-comment -Wimplicit-fallthrough=3 -Wno-strict-overflow -fdiagnostics-show-option -Wno-long-long -pthread -fomit-frame-pointer -ffunction-sections -fdata-sections  -msse -msse2 -msse3 -fvisibility=hidden  -fvisibility-inlines-hidden'
===== BUILD LOG =====
Change Dir: /home/ruicampos/Desktop/IC/IC_Project2/build/CMakeFiles/CMakeTmp

Run Build Command(s):/usr/bin/gmake -f Makefile cmTC_a6b16/fast && /usr/bin/gmake  -f CMakeFiles/cmTC_a6b16.dir/build.make CMakeFiles/cmTC_a6b16.dir/build
gmake[1]: a entrar na pasta "/home/ruicampos/Desktop/IC/IC_Project2/build/CMakeFiles/CMakeTmp"
Building C object CMakeFiles/cmTC_a6b16.dir/src.c.o
/usr/bin/cc   -O3 -DNDEBUG -fPIE    -fsigned-char -W -Wall -Wreturn-type -Waddress -Wsequence-point -Wformat -Wformat-security -Wmissing-declarations -Wmissing-prototypes -Wstrict-prototypes -Wundef -Winit-self -Wpointer-arith -Wshadow -Wuninitialized -Wno-comment -Wimplicit-fallthrough=3 -Wno-strict-overflow -fdiagnostics-show-option -Wno-long-long -pthread -fomit-frame-pointer -ffunction-sections -fdata-sections  -msse -msse2 -msse3 -fvisibility=hidden  -fvisibility-inlines-hidden -o CMakeFiles/cmTC_a6b16.dir/src.c.o -c /home/ruicampos/Desktop/IC/IC_Project2/build/CMakeFiles/CMakeTmp/src.c
cc1: warning: command-line option ‘-fvisibility-inlines-hidden’ is valid for C++/ObjC++ but not for C
/home/ruicampos/Desktop/IC/IC_Project2/build/CMakeFiles/CMakeTmp/src.c:1: warning: ignoring ‘#pragma  ’ [-Wunknown-pragmas]
    1 | #pragma
      | 
Linking C executable cmTC_a6b16
/usr/bin/cmake -E cmake_link_script CMakeFiles/cmTC_a6b16.dir/link.txt --verbose=1
/usr/bin/cc -O3 -DNDEBUG CMakeFiles/cmTC_a6b16.dir/src.c.o -o cmTC_a6b16 
gmake[1]: a sair da pasta "/home/ruicampos/Desktop/IC/IC_Project2/build/CMakeFiles/CMakeTmp"


===== END =====

Build output check failed:
    Regex: 'unrecognized .*option'
    Output line: 'cc1: note: unrecognized command-line option ‘-Wno-implicit-const-int-float-conversion’ may have been intended to silence earlier diagnostics'
Compilation failed:
    source file: '/home/ruicampos/Desktop/IC/IC_Project2/build/CMakeFiles/CMakeTmp/src.c'
    check option: ' -Wno-implicit-const-int-float-conversion'
===== BUILD LOG =====
Change Dir: /home/ruicampos/Desktop/IC/IC_Project2/build/CMakeFiles/CMakeTmp

Run Build Command(s):/usr/bin/gmake -f Makefile cmTC_b37b8/fast && /usr/bin/gmake  -f CMakeFiles/cmTC_b37b8.dir/build.make CMakeFiles/cmTC_b37b8.dir/build
gmake[1]: a entrar na pasta "/home/ruicampos/Desktop/IC/IC_Project2/build/CMakeFiles/CMakeTmp"
Building C object CMakeFiles/cmTC_b37b8.dir/src.c.o
/usr/bin/cc   -fsigned-char -W -Wall -Wreturn-type -Waddress -Wsequence-point -Wformat -Wformat-security -Wmissing-declarations -Wmissing-prototypes -Wstrict-prototypes -Wundef -Winit-self -Wpointer-arith -Wshadow -Wuninitialized -Wno-comment -Wimplicit-fallthrough=3 -Wno-strict-overflow -fdiagnostics-show-option -Wno-long-long -pthread -fomit-frame-pointer -ffunction-sections -fdata-sections  -msse -msse2 -msse3 -fvisibility=hidden  -O3 -DNDEBUG  -DNDEBUG -fPIE    -Wno-implicit-const-int-float-conversion -o CMakeFiles/cmTC_b37b8.dir/src.c.o -c /home/ruicampos/Desktop/IC/IC_Project2/build/CMakeFiles/CMakeTmp/src.c
/home/ruicampos/Desktop/IC/IC_Project2/build/CMakeFiles/CMakeTmp/src.c:1: warning: ignoring ‘#pragma  ’ [-Wunknown-pragmas]
    1 | #pragma
      | 
cc1: note: unrecognized command-line option ‘-Wno-implicit-const-int-float-conversion’ may have been intended to silence earlier diagnostics
Linking C executable cmTC_b37b8
/usr/bin/cmake -E cmake_link_script CMakeFiles/cmTC_b37b8.dir/link.txt --verbose=1
/usr/bin/cc    -fsigned-char -W -Wall -Wreturn-type -Waddress -Wsequence-point -Wformat -Wformat-security -Wmissing-declarations -Wmissing-prototypes -Wstrict-prototypes -Wundef -Winit-self -Wpointer-arith -Wshadow -Wuninitialized -Wno-comment -Wimplicit-fallthrough=3 -Wno-strict-overflow -fdiagnostics-show-option -Wno-long-long -pthread -fomit-frame-pointer -ffunction-sections -fdata-sections  -msse -msse2 -msse3 -fvisibility=hidden  -O3 -DNDEBUG  -DNDEBUG   -Wl,--gc-sections -Wl,--as-needed -Wl,--no-undefined  CMakeFiles/cmTC_b37b8.dir/src.c.o -o cmTC_b37b8 
gmake[1]: a sair da pasta "/home/ruicampos/Desktop/IC/IC_Project2/build/CMakeFiles/CMakeTmp"


===== END =====

Build output check failed:
    Regex: 'unrecognized .*option'
    Output line: 'cc1: note: unrecognized command-line option ‘-Wno-documentation’ may have been intended to silence earlier diagnostics'
Compilation failed:
    source file: '/home/ruicampos/Desktop/IC/IC_Project2/build/CMakeFiles/CMakeTmp/src.c'
    check option: ' -Wno-documentation'
===== BUILD LOG =====
Change Dir: /home/ruicampos/Desktop/IC/IC_Project2/build/CMakeFiles/CMakeTmp

Run Build Command(s):/usr/bin/gmake -f Makefile cmTC_f35fe/fast && /usr/bin/gmake  -f CMakeFiles/cmTC_f35fe.dir/build.make CMakeFiles/cmTC_f35fe.dir/build
gmake[1]: a entrar na pasta "/home/ruicampos/Desktop/IC/IC_Project2/build/CMakeFiles/CMakeTmp"
Building C object CMakeFiles/cmTC_f35fe.dir/src.c.o
/usr/bin/cc   -fsigned-char -W -Wall -Wreturn-type -Waddress -Wsequence-point -Wformat -Wformat-security -Wstrict-prototypes -Wundef -Winit-self -Wpointer-arith -Wshadow -Wuninitialized -Wno-comment -Wimplicit-fallthrough=3 -Wno-strict-overflow -fdiagnostics-show-option -Wno-long-long -pthread -fomit-frame-pointer -ffunction-sections -fdata-sections  -msse -msse2 -msse3 -fvisibility=hidden -Wno-unused-but-set-variable -Wno-missing-prototypes -Wno-missing-declarations  -O3 -DNDEBUG  -DNDEBUG -fPIE    -Wno-documentation -o CMakeFiles/cmTC_f35fe.dir/src.c.o -c /home/ruicampos/Desktop/IC/IC_Project2/build/CMakeFiles/CMakeTmp/src.c
/home/ruicampos/Desktop/IC/IC_Project2/build/CMakeFiles/CMakeTmp/src.c:1: warning: ignoring ‘#pragma  ’ [-Wunknown-pragmas]
    1 | #pragma
      | 
cc1: note: unrecognized command-line option ‘-Wno-documentation’ may have been intended to silence earlier diagnostics
Linking C executable cmTC_f35fe
/usr/bin/cmake -E cmake_link_script CMakeFiles/cmTC_f35fe.dir/link.txt --verbose=1
/usr/bin/cc    -fsigned-char -W -Wall -Wreturn-type -Waddress -Wsequence-point -Wformat -Wformat-security -Wstrict-prototypes -Wundef -Winit-self -Wpointer-arith -Wshadow -Wuninitialized -Wno-comment -Wimplicit-fallthrough=3 -Wno-strict-overflow -fdiagnostics-show-option -Wno-long-long -pthread -fomit-frame-pointer -ffunction-sections -fdata-sections  -msse -msse2 -msse3 -fvisibility=hidden -Wno-unused-but-set-variable -Wno-missing-prototypes -Wno-missing-declarations  -O3 -DNDEBUG  -DNDEBUG   -Wl,--gc-sections -Wl,--as-needed -Wl,--no-undefined  CMakeFiles/cmTC_f35fe.dir/src.c.o -o cmTC_f35fe 
gmake[1]: a sair da pasta "/home/ruicampos/Desktop/IC/IC_Project2/build/CMakeFiles/CMakeTmp"


===== END =====

Determining if the _aligned_malloc exist failed with the following output:
Change Dir: /home/ruicampos/Desktop/IC/IC_Project2/build/CMakeFiles/CMakeTmp

Run Build Command(s):/usr/bin/gmake -f Makefile cmTC_d2b40/fast && /usr/bin/gmake  -f CMakeFiles/cmTC_d2b40.dir/build.make CMakeFiles/cmTC_d2b40.dir/build
gmake[1]: a entrar na pasta "/home/ruicampos/Desktop/IC/IC_Project2/build/CMakeFiles/CMakeTmp"
Building C object CMakeFiles/cmTC_d2b40.dir/CheckSymbolExists.c.o
/usr/bin/cc   -fsigned-char -W -Wall -Wreturn-type -Waddress -Wsequence-point -Wformat -Wformat-security -Wstrict-prototypes -Wundef -Winit-self -Wpointer-arith -Wshadow -Wuninitialized -Wno-comment -Wimplicit-fallthrough=3 -Wno-strict-overflow -fdiagnostics-show-option -Wno-long-long -pthread -fomit-frame-pointer -ffunction-sections -fdata-sections  -msse -msse2 -msse3 -fvisibility=hidden -Wno-unused-but-set-variable -Wno-missing-prototypes -Wno-missing-declarations  -O3 -DNDEBUG  -DNDEBUG -fPIE -o CMakeFiles/cmTC_d2b40.dir/CheckSymbolExists.c.o -c /home/ruicampos/Desktop/IC/IC_Project2/build/CMakeFiles/CMakeTmp/CheckSymbolExists.c
/home/ruicampos/Desktop/IC/IC_Project2/build/CMakeFiles/CMakeTmp/CheckSymbolExists.c: In function ‘main’:
/home/ruicampos/Desktop/IC/IC_Project2/build/CMakeFiles/CMakeTmp/CheckSymbolExists.c:8:19: error: ‘_aligned_malloc’ undeclared (first use in this function)
    8 |   return ((int*)(&_aligned_malloc))[argc];
      |                   ^~~~~~~~~~~~~~~
/home/ruicampos/Desktop/IC/IC_Project2/build/CMakeFiles/CMakeTmp/CheckSymbolExists.c:8:19: note: each undeclared identifier is reported only once for each function it appears in
/home/ruicampos/Desktop/IC/IC_Project2/build/CMakeFiles/CMakeTmp/CheckSymbolExists.c:4:14: warning: parameter ‘argc’ set but not used [-Wunused-but-set-parameter]
    4 | int main(int argc, char** argv)
      |          ~~~~^~~~
gmake[1]: *** [CMakeFiles/cmTC_d2b40.dir/build.make:78: CMakeFiles/cmTC_d2b40.dir/CheckSymbolExists.c.o] Erro 1
gmake[1]: a sair da pasta "/home/ruicampos/Desktop/IC/IC_Project2/build/CMakeFiles/CMakeTmp"
gmake: *** [Makefile:127: cmTC_d2b40/fast] Erro 2


File /home/ruicampos/Desktop/IC/IC_Project2/build/CMakeFiles/CMakeTmp/CheckSymbolExists.c:
/* */
#include <malloc.h>

int main(int argc, char** argv)
{
  (void)argv;
#ifndef _aligned_malloc
  return ((int*)(&_aligned_malloc))[argc];
#else
  (void)argc;
  return 0;
#endif
}
Build output check failed:
    Regex: 'unrecognized .*option'
    Output line: 'cc1plus: note: unrecognized command-line option ‘-Wno-inconsistent-missing-override’ may have been intended to silence earlier diagnostics'
Compilation failed:
    source file: '/home/ruicampos/Desktop/IC/IC_Project2/build/CMakeFiles/CMakeTmp/src.cxx'
    check option: ' -Wno-inconsistent-missing-override'
===== BUILD LOG =====
Change Dir: /home/ruicampos/Desktop/IC/IC_Project2/build/CMakeFiles/CMakeTmp

Run Build Command(s):/usr/bin/gmake -f Makefile cmTC_d42eb/fast && /usr/bin/gmake  -f CMakeFiles/cmTC_d42eb.dir/build.make CMakeFiles/cmTC_d42eb.dir/build
gmake[1]: a entrar na pasta "/home/ruicampos/Desktop/IC/IC_Project2/build/CMakeFiles/CMakeTmp"
Building CXX object CMakeFiles/cmTC_d42eb.dir/src.cxx.o
/usr/bin/c++   -fsigned-char -W -Wall -Wreturn-type -Wnon-virtual-dtor -Waddress -Wsequence-point -Wformat -Wformat-security -Winit-self -Wpointer-arith -Wsign-promo -Wno-delete-non-virtual-dtor -Wno-comment -Wimplicit-fallthrough=3 -Wno-strict-overflow -fdiagnostics-show-option -Wno-long-long -pthread -fomit-frame-pointer -ffunction-sections -fdata-sections  -msse -msse2 -msse3 -fvisibility=hidden -fvisibility-inlines-hidden -Wno-shadow -Wno-unused -Wno-sign-compare -Wno-undef -Wno-missing-declarations -Wno-uninitialized -Wno-switch -Wno-parentheses -Wno-array-bounds -Wno-extra -Wno-deprecated-declarations -Wno-misleading-indentation -Wno-deprecated -Wno-suggest-override  -O3 -DNDEBUG  -DNDEBUG -fPIE    -Wno-inconsistent-missing-override -std=c++11 -o CMakeFiles/cmTC_d42eb.dir/src.cxx.o -c /home/ruicampos/Desktop/IC/IC_Project2/build/CMakeFiles/CMakeTmp/src.cxx
/home/ruicampos/Desktop/IC/IC_Project2/build/CMakeFiles/CMakeTmp/src.cxx:1: warning: ignoring ‘#pragma  ’ [-Wunknown-pragmas]
    1 | #pragma
      | 
cc1plus: note: unrecognized command-line option ‘-Wno-inconsistent-missing-override’ may have been intended to silence earlier diagnostics
Linking CXX executable cmTC_d42eb
/usr/bin/cmake -E cmake_link_script CMakeFiles/cmTC_d42eb.dir/link.txt --verbose=1
/usr/bin/c++    -fsigned-char -W -Wall -Wreturn-type -Wnon-virtual-dtor -Waddress -Wsequence-point -Wformat -Wformat-security -Winit-self -Wpointer-arith -Wsign-promo -Wno-delete-non-virtual-dtor -Wno-comment -Wimplicit-fallthrough=3 -Wno-strict-overflow -fdiagnostics-show-option -Wno-long-long -pthread -fomit-frame-pointer -ffunction-sections -fdata-sections  -msse -msse2 -msse3 -fvisibility=hidden -fvisibility-inlines-hidden -Wno-shadow -Wno-unused -Wno-sign-compare -Wno-undef -Wno-missing-declarations -Wno-uninitialized -Wno-switch -Wno-parentheses -Wno-array-bounds -Wno-extra -Wno-deprecated-declarations -Wno-misleading-indentation -Wno-deprecated -Wno-suggest-override  -O3 -DNDEBUG  -DNDEBUG   -Wl,--gc-sections -Wl,--as-needed -Wl,--no-undefined  CMakeFiles/cmTC_d42eb.dir/src.cxx.o -o cmTC_d42eb 
gmake[1]: a sair da pasta "/home/ruicampos/Desktop/IC/IC_Project2/build/CMakeFiles/CMakeTmp"


===== END =====

Build output check failed:
    Regex: 'command[- ]line option .* is valid for .* but not for C\+\+'
    Output line: 'cc1plus: warning: command-line option ‘-Wno-missing-prototypes’ is valid for C/ObjC but not for C++'
Compilation failed:
    source file: '/home/ruicampos/Desktop/IC/IC_Project2/build/CMakeFiles/CMakeTmp/src.cxx'
    check option: ' -Wno-missing-prototypes'
===== BUILD LOG =====
Change Dir: /home/ruicampos/Desktop/IC/IC_Project2/build/CMakeFiles/CMakeTmp

Run Build Command(s):/usr/bin/gmake -f Makefile cmTC_2a8bd/fast && /usr/bin/gmake  -f CMakeFiles/cmTC_2a8bd.dir/build.make CMakeFiles/cmTC_2a8bd.dir/build
gmake[1]: a entrar na pasta "/home/ruicampos/Desktop/IC/IC_Project2/build/CMakeFiles/CMakeTmp"
Building CXX object CMakeFiles/cmTC_2a8bd.dir/src.cxx.o
/usr/bin/c++   -fsigned-char -W -Wall -Wreturn-type -Wnon-virtual-dtor -Waddress -Wsequence-point -Wformat -Wformat-security -Winit-self -Wpointer-arith -Wsign-promo -Wno-delete-non-virtual-dtor -Wno-comment -Wno-strict-overflow -fdiagnostics-show-option -Wno-long-long -pthread -fomit-frame-pointer -ffunction-sections -fdata-sections  -msse -msse2 -msse3 -fvisibility=hidden -fvisibility-inlines-hidden -Wno-shadow -Wno-unused -Wno-sign-compare -Wno-undef -Wno-missing-declarations -Wno-uninitialized -Wno-switch -Wno-parentheses -Wno-array-bounds -Wno-extra -Wno-deprecated-declarations -Wno-misleading-indentation -Wno-deprecated -Wno-suggest-override -Wno-implicit-fallthrough -Wno-tautological-compare  -O3 -DNDEBUG  -DNDEBUG -fPIE    -Wno-missing-prototypes -std=c++11 -o CMakeFiles/cmTC_2a8bd.dir/src.cxx.o -c /home/ruicampos/Desktop/IC/IC_Project2/build/CMakeFiles/CMakeTmp/src.cxx
cc1plus: warning: command-line option ‘-Wno-missing-prototypes’ is valid for C/ObjC but not for C++
/home/ruicampos/Desktop/IC/IC_Project2/build/CMakeFiles/CMakeTmp/src.cxx:1: warning: ignoring ‘#pragma  ’ [-Wunknown-pragmas]
    1 | #pragma
      | 
Linking CXX executable cmTC_2a8bd
/usr/bin/cmake -E cmake_link_script CMakeFiles/cmTC_2a8bd.dir/link.txt --verbose=1
/usr/bin/c++    -fsigned-char -W -Wall -Wreturn-type -Wnon-virtual-dtor -Waddress -Wsequence-point -Wformat -Wformat-security -Winit-self -Wpointer-arith -Wsign-promo -Wno-delete-non-virtual-dtor -Wno-comment -Wno-strict-overflow -fdiagnostics-show-option -Wno-long-long -pthread -fomit-frame-pointer -ffunction-sections -fdata-sections  -msse -msse2 -msse3 -fvisibility=hidden -fvisibility-inlines-hidden -Wno-shadow -Wno-unused -Wno-sign-compare -Wno-undef -Wno-missing-declarations -Wno-uninitialized -Wno-switch -Wno-parentheses -Wno-array-bounds -Wno-extra -Wno-deprecated-declarations -Wno-misleading-indentation -Wno-deprecated -Wno-suggest-override -Wno-implicit-fallthrough -Wno-tautological-compare  -O3 -DNDEBUG  -DNDEBUG   -Wl,--gc-sections -Wl,--as-needed -Wl,--no-undefined  CMakeFiles/cmTC_2a8bd.dir/src.cxx.o -o cmTC_2a8bd 
gmake[1]: a sair da pasta "/home/ruicampos/Desktop/IC/IC_Project2/build/CMakeFiles/CMakeTmp"


===== END =====

Build output check failed:
    Regex: 'unrecognized .*option'
    Output line: 'cc1plus: note: unrecognized command-line option ‘-Wno-implicit-const-int-float-conversion’ may have been intended to silence earlier diagnostics'
Compilation failed:
    source file: '/home/ruicampos/Desktop/IC/IC_Project2/build/CMakeFiles/CMakeTmp/src.cxx'
    check option: ' -Wno-implicit-const-int-float-conversion'
===== BUILD LOG =====
Change Dir: /home/ruicampos/Desktop/IC/IC_Project2/build/CMakeFiles/CMakeTmp

Run Build Command(s):/usr/bin/gmake -f Makefile cmTC_d0929/fast && /usr/bin/gmake  -f CMakeFiles/cmTC_d0929.dir/build.make CMakeFiles/cmTC_d0929.dir/build
gmake[1]: a entrar na pasta "/home/ruicampos/Desktop/IC/IC_Project2/build/CMakeFiles/CMakeTmp"
Building CXX object CMakeFiles/cmTC_d0929.dir/src.cxx.o
/usr/bin/c++   -fsigned-char -W -Wall -Wreturn-type -Wnon-virtual-dtor -Waddress -Wsequence-point -Wformat -Wformat-security -Winit-self -Wpointer-arith -Wsign-promo -Wno-delete-non-virtual-dtor -Wno-comment -Wno-strict-overflow -fdiagnostics-show-option -Wno-long-long -pthread -fomit-frame-pointer -ffunction-sections -fdata-sections  -msse -msse2 -msse3 -fvisibility=hidden -fvisibility-inlines-hidden -Wno-shadow -Wno-unused -Wno-sign-compare -Wno-undef -Wno-missing-declarations -Wno-uninitialized -Wno-switch -Wno-parentheses -Wno-array-bounds -Wno-extra -Wno-deprecated-declarations -Wno-misleading-indentation -Wno-deprecated -Wno-suggest-override -Wno-implicit-fallthrough -Wno-tautological-compare -Wno-reorder -Wno-unused-result  -O3 -DNDEBUG  -DNDEBUG -fPIE    -Wno-implicit-const-int-float-conversion -std=c++11 -o CMakeFiles/cmTC_d0929.dir/src.cxx.o -c /home/ruicampos/Desktop/IC/IC_Project2/build/CMakeFiles/CMakeTmp/src.cxx
/home/ruicampos/Desktop/IC/IC_Project2/build/CMakeFiles/CMakeTmp/src.cxx:1: warning: ignoring ‘#pragma  ’ [-Wunknown-pragmas]
    1 | #pragma
      | 
cc1plus: note: unrecognized command-line option ‘-Wno-implicit-const-int-float-conversion’ may have been intended to silence earlier diagnostics
Linking CXX executable cmTC_d0929
/usr/bin/cmake -E cmake_link_script CMakeFiles/cmTC_d0929.dir/link.txt --verbose=1
/usr/bin/c++    -fsigned-char -W -Wall -Wreturn-type -Wnon-virtual-dtor -Waddress -Wsequence-point -Wformat -Wformat-security -Winit-self -Wpointer-arith -Wsign-promo -Wno-delete-non-virtual-dtor -Wno-comment -Wno-strict-overflow -fdiagnostics-show-option -Wno-long-long -pthread -fomit-frame-pointer -ffunction-sections -fdata-sections  -msse -msse2 -msse3 -fvisibility=hidden -fvisibility-inlines-hidden -Wno-shadow -Wno-unused -Wno-sign-compare -Wno-undef -Wno-missing-declarations -Wno-uninitialized -Wno-switch -Wno-parentheses -Wno-array-bounds -Wno-extra -Wno-deprecated-declarations -Wno-misleading-indentation -Wno-deprecated -Wno-suggest-override -Wno-implicit-fallthrough -Wno-tautological-compare -Wno-reorder -Wno-unused-result  -O3 -DNDEBUG  -DNDEBUG   -Wl,--gc-sections -Wl,--as-needed -Wl,--no-undefined  CMakeFiles/cmTC_d0929.dir/src.cxx.o -o cmTC_d0929 
gmake[1]: a sair da pasta "/home/ruicampos/Desktop/IC/IC_Project2/build/CMakeFiles/CMakeTmp"


===== END =====

Determining if the function sgemm_ exists failed with the following output:
Change Dir: /home/ruicampos/Desktop/IC/IC_Project2/build/CMakeFiles/CMakeTmp

Run Build Command(s):/usr/bin/gmake -f Makefile cmTC_483ab/fast && /usr/bin/gmake  -f CMakeFiles/cmTC_483ab.dir/build.make CMakeFiles/cmTC_483ab.dir/build
gmake[1]: a entrar na pasta "/home/ruicampos/Desktop/IC/IC_Project2/build/CMakeFiles/CMakeTmp"
Building C object CMakeFiles/cmTC_483ab.dir/CheckFunctionExists.c.o
/usr/bin/cc   -fsigned-char -W -Wall -Wreturn-type -Waddress -Wsequence-point -Wformat -Wformat-security -Wmissing-declarations -Wmissing-prototypes -Wstrict-prototypes -Wundef -Winit-self -Wpointer-arith -Wshadow -Wuninitialized -Wno-comment -Wimplicit-fallthrough=3 -Wno-strict-overflow -fdiagnostics-show-option -Wno-long-long -pthread -fomit-frame-pointer -ffunction-sections -fdata-sections  -msse -msse2 -msse3 -fvisibility=hidden -DCHECK_FUNCTION_EXISTS=sgemm_ -O3 -DNDEBUG  -DNDEBUG -fPIE -o CMakeFiles/cmTC_483ab.dir/CheckFunctionExists.c.o -c /usr/share/cmake-3.22/Modules/CheckFunctionExists.c
Linking C executable cmTC_483ab
/usr/bin/cmake -E cmake_link_script CMakeFiles/cmTC_483ab.dir/link.txt --verbose=1
/usr/bin/cc    -fsigned-char -W -Wall -Wreturn-type -Waddress -Wsequence-point -Wformat -Wformat-security -Wmissing-declarations -Wmissing-prototypes -Wstrict-prototypes -Wundef -Winit-self -Wpointer-arith -Wshadow -Wuninitialized -Wno-comment -Wimplicit-fallthrough=3 -Wno-strict-overflow -fdiagnostics-show-option -Wno-long-long -pthread -fomit-frame-pointer -ffunction-sections -fdata-sections  -msse -msse2 -msse3 -fvisibility=hidden -DCHECK_FUNCTION_EXISTS=sgemm_ -O3 -DNDEBUG  -DNDEBUG   -Wl,--gc-sections -Wl,--as-needed -Wl,--no-undefined  CMakeFiles/cmTC_483ab.dir/CheckFunctionExists.c.o -o cmTC_483ab 
/usr/bin/ld: CMakeFiles/cmTC_483ab.dir/CheckFunctionExists.c.o: na função "main":
CheckFunctionExists.c:(.text.startup.main+0x10): referência não definida para "sgemm_"
collect2: error: ld returned 1 exit status
gmake[1]: *** [CMakeFiles/cmTC_483ab.dir/build.make:99: cmTC_483ab] Erro 1
gmake[1]: a sair da pasta "/home/ruicampos/Desktop/IC/IC_Project2/build/CMakeFiles/CMakeTmp"
gmake: *** [Makefile:127: cmTC_483ab/fast] Erro 2



Build output check failed:
    Regex: 'unrecognized .*option'
    Output line: 'cc1plus: note: unrecognized command-line option ‘-Wno-tautological-undefined-compare’ may have been intended to silence earlier diagnostics'
Compilation failed:
    source file: '/home/ruicampos/Desktop/IC/IC_Project2/build/CMakeFiles/CMakeTmp/src.cxx'
    check option: ' -Wno-tautological-undefined-compare'
===== BUILD LOG =====
Change Dir: /home/ruicampos/Desktop/IC/IC_Project2/build/CMakeFiles/CMakeTmp

Run Build Command(s):/usr/bin/gmake -f Makefile cmTC_13e5b/fast && /usr/bin/gmake  -f CMakeFiles/cmTC_13e5b.dir/build.make CMakeFiles/cmTC_13e5b.dir/build
gmake[1]: a entrar na pasta "/home/ruicampos/Desktop/IC/IC_Project2/build/CMakeFiles/CMakeTmp"
Building CXX object CMakeFiles/cmTC_13e5b.dir/src.cxx.o
/usr/bin/c++   -fsigned-char -W -Wall -Wreturn-type -Wnon-virtual-dtor -Waddress -Wsequence-point -Wformat -Wformat-security -Winit-self -Wpointer-arith -Wuninitialized -Wsuggest-override -Wno-delete-non-virtual-dtor -Wno-comment -Wimplicit-fallthrough=3 -Wno-strict-overflow -fdiagnostics-show-option -Wno-long-long -pthread -fomit-frame-pointer -ffunction-sections -fdata-sections  -msse -msse2 -msse3 -fvisibility=hidden -fvisibility-inlines-hidden -Wno-deprecated -Wno-missing-declarations -Wno-shadow -Wno-unused-parameter -Wno-unused-local-typedefs -Wno-sign-compare -Wno-sign-promo -Wno-undef  -O3 -DNDEBUG  -DNDEBUG -fPIE    -Wno-tautological-undefined-compare -std=c++11 -o CMakeFiles/cmTC_13e5b.dir/src.cxx.o -c /home/ruicampos/Desktop/IC/IC_Project2/build/CMakeFiles/CMakeTmp/src.cxx
/home/ruicampos/Desktop/IC/IC_Project2/build/CMakeFiles/CMakeTmp/src.cxx:1: warning: ignoring ‘#pragma  ’ [-Wunknown-pragmas]
    1 | #pragma
      | 
cc1plus: note: unrecognized command-line option ‘-Wno-tautological-undefined-compare’ may have been intended to silence earlier diagnostics
Linking CXX executable cmTC_13e5b
/usr/bin/cmake -E cmake_link_script CMakeFiles/cmTC_13e5b.dir/link.txt --verbose=1
/usr/bin/c++    -fsigned-char -W -Wall -Wreturn-type -Wnon-virtual-dtor -Waddress -Wsequence-point -Wformat -Wformat-security -Winit-self -Wpointer-arith -Wuninitialized -Wsuggest-override -Wno-delete-non-virtual-dtor -Wno-comment -Wimplicit-fallthrough=3 -Wno-strict-overflow -fdiagnostics-show-option -Wno-long-long -pthread -fomit-frame-pointer -ffunction-sections -fdata-sections  -msse -msse2 -msse3 -fvisibility=hidden -fvisibility-inlines-hidden -Wno-deprecated -Wno-missing-declarations -Wno-shadow -Wno-unused-parameter -Wno-unused-local-typedefs -Wno-sign-compare -Wno-sign-promo -Wno-undef  -O3 -DNDEBUG  -DNDEBUG   -Wl,--gc-sections -Wl,--as-needed -Wl,--no-undefined  CMakeFiles/cmTC_13e5b.dir/src.cxx.o -o cmTC_13e5b 
gmake[1]: a sair da pasta "/home/ruicampos/Desktop/IC/IC_Project2/build/CMakeFiles/CMakeTmp"


===== END =====

Build output check failed:
    Regex: 'unrecognized .*option'
    Output line: 'cc1plus: note: unrecognized command-line option ‘-Wno-shorten-64-to-32’ may have been intended to silence earlier diagnostics'
Compilation failed:
    source file: '/home/ruicampos/Desktop/IC/IC_Project2/build/CMakeFiles/CMakeTmp/src.cxx'
    check option: ' -Wno-shorten-64-to-32'
===== BUILD LOG =====
Change Dir: /home/ruicampos/Desktop/IC/IC_Project2/build/CMakeFiles/CMakeTmp

Run Build Command(s):/usr/bin/gmake -f Makefile cmTC_fd04b/fast && /usr/bin/gmake  -f CMakeFiles/cmTC_fd04b.dir/build.make CMakeFiles/cmTC_fd04b.dir/build
gmake[1]: a entrar na pasta "/home/ruicampos/Desktop/IC/IC_Project2/build/CMakeFiles/CMakeTmp"
Building CXX object CMakeFiles/cmTC_fd04b.dir/src.cxx.o
/usr/bin/c++   -fsigned-char -W -Wall -Wreturn-type -Wnon-virtual-dtor -Waddress -Wsequence-point -Wformat -Wformat-security -Winit-self -Wpointer-arith -Wuninitialized -Wsuggest-override -Wno-delete-non-virtual-dtor -Wno-comment -Wimplicit-fallthrough=3 -Wno-strict-overflow -fdiagnostics-show-option -Wno-long-long -pthread -fomit-frame-pointer -ffunction-sections -fdata-sections  -msse -msse2 -msse3 -fvisibility=hidden -fvisibility-inlines-hidden -Wno-deprecated -Wno-missing-declarations -Wno-shadow -Wno-unused-parameter -Wno-unused-local-typedefs -Wno-sign-compare -Wno-sign-promo -Wno-undef -Wno-ignored-qualifiers -Wno-extra -Wno-unused-function -Wno-unused-const-variable  -O3 -DNDEBUG  -DNDEBUG -fPIE    -Wno-shorten-64-to-32 -std=c++11 -o CMakeFiles/cmTC_fd04b.dir/src.cxx.o -c /home/ruicampos/Desktop/IC/IC_Project2/build/CMakeFiles/CMakeTmp/src.cxx
/home/ruicampos/Desktop/IC/IC_Project2/build/CMakeFiles/CMakeTmp/src.cxx:1: warning: ignoring ‘#pragma  ’ [-Wunknown-pragmas]
    1 | #pragma
      | 
cc1plus: note: unrecognized command-line option ‘-Wno-shorten-64-to-32’ may have been intended to silence earlier diagnostics
Linking CXX executable cmTC_fd04b
/usr/bin/cmake -E cmake_link_script CMakeFiles/cmTC_fd04b.dir/link.txt --verbose=1
/usr/bin/c++    -fsigned-char -W -Wall -Wreturn-type -Wnon-virtual-dtor -Waddress -Wsequence-point -Wformat -Wformat-security -Winit-self -Wpointer-arith -Wuninitialized -Wsuggest-override -Wno-delete-non-virtual-dtor -Wno-comment -Wimplicit-fallthrough=3 -Wno-strict-overflow -fdiagnostics-show-option -Wno-long-long -pthread -fomit-frame-pointer -ffunction-sections -fdata-sections  -msse -msse2 -msse3 -fvisibility=hidden -fvisibility-inlines-hidden -Wno-deprecated -Wno-missing-declarations -Wno-shadow -Wno-unused-parameter -Wno-unused-local-typedefs -Wno-sign-compare -Wno-sign-promo -Wno-undef -Wno-ignored-qualifiers -Wno-extra -Wno-unused-function -Wno-unused-const-variable  -O3 -DNDEBUG  -DNDEBUG   -Wl,--gc-sections -Wl,--as-needed -Wl,--no-undefined  CMakeFiles/cmTC_fd04b.dir/src.cxx.o -o cmTC_fd04b 
gmake[1]: a sair da pasta "/home/ruicampos/Desktop/IC/IC_Project2/build/CMakeFiles/CMakeTmp"


===== END =====

Build output check failed:
    Regex: 'unrecognized .*option'
    Output line: 'cc1plus: note: unrecognized command-line option ‘-Wno-enum-compare-switch’ may have been intended to silence earlier diagnostics'
Compilation failed:
    source file: '/home/ruicampos/Desktop/IC/IC_Project2/build/CMakeFiles/CMakeTmp/src.cxx'
    check option: ' -Wno-enum-compare-switch'
===== BUILD LOG =====
Change Dir: /home/ruicampos/Desktop/IC/IC_Project2/build/CMakeFiles/CMakeTmp

Run Build Command(s):/usr/bin/gmake -f Makefile cmTC_59e48/fast && /usr/bin/gmake  -f CMakeFiles/cmTC_59e48.dir/build.make CMakeFiles/cmTC_59e48.dir/build
gmake[1]: a entrar na pasta "/home/ruicampos/Desktop/IC/IC_Project2/build/CMakeFiles/CMakeTmp"
Building CXX object CMakeFiles/cmTC_59e48.dir/src.cxx.o
/usr/bin/c++   -fsigned-char -W -Wall -Wreturn-type -Wnon-virtual-dtor -Waddress -Wsequence-point -Wformat -Wformat-security -Winit-self -Wpointer-arith -Wuninitialized -Wsuggest-override -Wno-delete-non-virtual-dtor -Wno-comment -Wimplicit-fallthrough=3 -Wno-strict-overflow -fdiagnostics-show-option -Wno-long-long -pthread -fomit-frame-pointer -ffunction-sections -fdata-sections  -msse -msse2 -msse3 -fvisibility=hidden -fvisibility-inlines-hidden -Wno-deprecated -Wno-missing-declarations -Wno-shadow -Wno-unused-parameter -Wno-unused-local-typedefs -Wno-sign-compare -Wno-sign-promo -Wno-undef -Wno-ignored-qualifiers -Wno-extra -Wno-unused-function -Wno-unused-const-variable -Wno-invalid-offsetof  -O3 -DNDEBUG  -DNDEBUG -fPIE    -Wno-enum-compare-switch -std=c++11 -o CMakeFiles/cmTC_59e48.dir/src.cxx.o -c /home/ruicampos/Desktop/IC/IC_Project2/build/CMakeFiles/CMakeTmp/src.cxx
/home/ruicampos/Desktop/IC/IC_Project2/build/CMakeFiles/CMakeTmp/src.cxx:1: warning: ignoring ‘#pragma  ’ [-Wunknown-pragmas]
    1 | #pragma
      | 
cc1plus: note: unrecognized command-line option ‘-Wno-enum-compare-switch’ may have been intended to silence earlier diagnostics
Linking CXX executable cmTC_59e48
/usr/bin/cmake -E cmake_link_script CMakeFiles/cmTC_59e48.dir/link.txt --verbose=1
/usr/bin/c++    -fsigned-char -W -Wall -Wreturn-type -Wnon-virtual-dtor -Waddress -Wsequence-point -Wformat -Wformat-security -Winit-self -Wpointer-arith -Wuninitialized -Wsuggest-override -Wno-delete-non-virtual-dtor -Wno-comment -Wimplicit-fallthrough=3 -Wno-strict-overflow -fdiagnostics-show-option -Wno-long-long -pthread -fomit-frame-pointer -ffunction-sections -fdata-sections  -msse -msse2 -msse3 -fvisibility=hidden -fvisibility-inlines-hidden -Wno-deprecated -Wno-missing-declarations -Wno-shadow -Wno-unused-parameter -Wno-unused-local-typedefs -Wno-sign-compare -Wno-sign-promo -Wno-undef -Wno-ignored-qualifiers -Wno-extra -Wno-unused-function -Wno-unused-const-variable -Wno-invalid-offsetof  -O3 -DNDEBUG  -DNDEBUG   -Wl,--gc-sections -Wl,--as-needed -Wl,--no-undefined  CMakeFiles/cmTC_59e48.dir/src.cxx.o -o cmTC_59e48 
gmake[1]: a sair da pasta "/home/ruicampos/Desktop/IC/IC_Project2/build/CMakeFiles/CMakeTmp"


===== END =====

Build output check failed:
    Regex: 'unrecognized .*option'
    Output line: 'cc1plus: note: unrecognized command-line option ‘-Wno-comma’ may have been intended to silence earlier diagnostics'
Compilation failed:
    source file: '/home/ruicampos/Desktop/IC/IC_Project2/build/CMakeFiles/CMakeTmp/src.cxx'
    check option: ' -Wno-comma'
===== BUILD LOG =====
Change Dir: /home/ruicampos/Desktop/IC/IC_Project2/build/CMakeFiles/CMakeTmp

Run Build Command(s):/usr/bin/gmake -f Makefile cmTC_49382/fast && /usr/bin/gmake  -f CMakeFiles/cmTC_49382.dir/build.make CMakeFiles/cmTC_49382.dir/build
gmake[1]: a entrar na pasta "/home/ruicampos/Desktop/IC/IC_Project2/build/CMakeFiles/CMakeTmp"
Building CXX object CMakeFiles/cmTC_49382.dir/src.cxx.o
/usr/bin/c++   -fsigned-char -W -Wall -Wreturn-type -Wnon-virtual-dtor -Waddress -Wsequence-point -Wformat -Wformat-security -Winit-self -Wpointer-arith -Wuninitialized -Wno-delete-non-virtual-dtor -Wno-comment -Wno-strict-overflow -fdiagnostics-show-option -Wno-long-long -pthread -fomit-frame-pointer -ffunction-sections -fdata-sections  -msse -msse2 -msse3 -fvisibility=hidden -fvisibility-inlines-hidden -Wno-deprecated -Wno-missing-declarations -Wno-shadow -Wno-unused-parameter -Wno-unused-local-typedefs -Wno-sign-compare -Wno-sign-promo -Wno-undef -Wno-ignored-qualifiers -Wno-extra -Wno-unused-function -Wno-unused-const-variable -Wno-invalid-offsetof -Wno-suggest-override -Wno-implicit-fallthrough -Wno-array-bounds -Wno-stringop-overflow -Wno-stringop-overread -Wno-extra-semi  -O3 -DNDEBUG  -DNDEBUG -fPIE    -Wno-comma -std=c++11 -o CMakeFiles/cmTC_49382.dir/src.cxx.o -c /home/ruicampos/Desktop/IC/IC_Project2/build/CMakeFiles/CMakeTmp/src.cxx
/home/ruicampos/Desktop/IC/IC_Project2/build/CMakeFiles/CMakeTmp/src.cxx:1: warning: ignoring ‘#pragma  ’ [-Wunknown-pragmas]
    1 | #pragma
      | 
cc1plus: note: unrecognized command-line option ‘-Wno-comma’ may have been intended to silence earlier diagnostics
Linking CXX executable cmTC_49382
/usr/bin/cmake -E cmake_link_script CMakeFiles/cmTC_49382.dir/link.txt --verbose=1
/usr/bin/c++    -fsigned-char -W -Wall -Wreturn-type -Wnon-virtual-dtor -Waddress -Wsequence-point -Wformat -Wformat-security -Winit-self -Wpointer-arith -Wuninitialized -Wno-delete-non-virtual-dtor -Wno-comment -Wno-strict-overflow -fdiagnostics-show-option -Wno-long-long -pthread -fomit-frame-pointer -ffunction-sections -fdata-sections  -msse -msse2 -msse3 -fvisibility=hidden -fvisibility-inlines-hidden -Wno-deprecated -Wno-missing-declarations -Wno-shadow -Wno-unused-parameter -Wno-unused-local-typedefs -Wno-sign-compare -Wno-sign-promo -Wno-undef -Wno-ignored-qualifiers -Wno-extra -Wno-unused-function -Wno-unused-const-variable -Wno-invalid-offsetof -Wno-suggest-override -Wno-implicit-fallthrough -Wno-array-bounds -Wno-stringop-overflow -Wno-stringop-overread -Wno-extra-semi  -O3 -DNDEBUG  -DNDEBUG   -Wl,--gc-sections -Wl,--as-needed -Wl,--no-undefined  CMakeFiles/cmTC_49382.dir/src.cxx.o -o cmTC_49382 
gmake[1]: a sair da pasta "/home/ruicampos/Desktop/IC/IC_Project2/build/CMakeFiles/CMakeTmp"


===== END =====

Determining if the include file sys/videoio.h exists failed with the following output:
Change Dir: /home/ruicampos/Desktop/IC/IC_Project2/build/CMakeFiles/CMakeTmp

Run Build Command(s):/usr/bin/gmake -f Makefile cmTC_fce06/fast && /usr/bin/gmake  -f CMakeFiles/cmTC_fce06.dir/build.make CMakeFiles/cmTC_fce06.dir/build
gmake[1]: a entrar na pasta "/home/ruicampos/Desktop/IC/IC_Project2/build/CMakeFiles/CMakeTmp"
Building C object CMakeFiles/cmTC_fce06.dir/CheckIncludeFile.c.o
/usr/bin/cc   -fsigned-char -W -Wall -Wreturn-type -Waddress -Wsequence-point -Wformat -Wformat-security -Wmissing-declarations -Wmissing-prototypes -Wstrict-prototypes -Wundef -Winit-self -Wpointer-arith -Wshadow -Wuninitialized -Wno-comment -Wimplicit-fallthrough=3 -Wno-strict-overflow -fdiagnostics-show-option -Wno-long-long -pthread -fomit-frame-pointer -ffunction-sections -fdata-sections  -msse -msse2 -msse3 -fvisibility=hidden  -O3 -DNDEBUG  -DNDEBUG -fPIE -o CMakeFiles/cmTC_fce06.dir/CheckIncludeFile.c.o -c /home/ruicampos/Desktop/IC/IC_Project2/build/CMakeFiles/CMakeTmp/CheckIncludeFile.c
/home/ruicampos/Desktop/IC/IC_Project2/build/CMakeFiles/CMakeTmp/CheckIncludeFile.c:1:10: fatal error: sys/videoio.h: Ficheiro ou pasta inexistente
    1 | #include <sys/videoio.h>
      |          ^~~~~~~~~~~~~~~
compilation terminated.
gmake[1]: *** [CMakeFiles/cmTC_fce06.dir/build.make:78: CMakeFiles/cmTC_fce06.dir/CheckIncludeFile.c.o] Erro 1
gmake[1]: a sair da pasta "/home/ruicampos/Desktop/IC/IC_Project2/build/CMakeFiles/CMakeTmp"
gmake: *** [Makefile:127: cmTC_fce06/fast] Erro 2



